<?xml version="1.0" encoding="UTF-8"?>
<testsuite name="JugadorTest" tests="1" skipped="0" failures="0" errors="0" timestamp="2022-03-19T16:30:06" hostname="ACERSONIA" time="0.024">
  <properties/>
  <testcase name="casaTieneDosCartas" classname="JugadorTest" time="0.024"/>
  <system-out><![CDATA[]]></system-out>
  <system-err><![CDATA[]]></system-err>
</testsuite>
